{"message":"listening in port 3000","level":"info"}
{"message":"listening in port 3000","level":"info"}
{"message":"connect ECONNREFUSED 127.0.0.1:27017","reason":{"type":"Single","setName":null,"maxSetVersion":null,"maxElectionId":null,"servers":{},"stale":false,"compatible":true,"compatibilityError":null,"logicalSessionTimeoutMinutes":null,"heartbeatFrequencyMS":10000,"localThresholdMS":15,"commonWireVersion":null},"level":"error"}
{"message":"listening in port 3000","level":"info"}
{"message":"connected to mongodb://localhost:27017/chillax!","level":"info"}
{"message":"listening in port 3000","level":"info"}
{"message":"connected to mongodb://localhost:27017/chillax_tests!","level":"info"}
{"message":"listening in port 3000","level":"info"}
{"message":"connected to mongodb://localhost:27017/chillax_tests","level":"info"}
{"message":"listening in port 3000","level":"info"}
{"message":"connected to mongodb://localhost:27017/chillax_tests","level":"info"}
{"message":"listening in port 3000","level":"info"}
{"message":"connected to mongodb://localhost:27017/chillax_tests","level":"info"}
{"message":"listening in port 3000","level":"info"}
{"message":"connected to mongodb://localhost:27017/chillax_tests","level":"info"}
{"message":"listening in port 3000","level":"info"}
{"message":"connected to mongodb://localhost:27017/chillax_tests","level":"info"}
{"message":"listening in port 3000","level":"info"}
{"message":"connected to mongodb://localhost:27017/chillax_tests","level":"info"}
{"message":"listening in port 3000","level":"info"}
{"message":"connected to mongodb://localhost:27017/chillax_tests","level":"info"}
{"message":"listening in port 3000","level":"info"}
{"message":"connected to mongodb://localhost:27017/chillax_tests","level":"info"}
{"message":"listening in port 3000","level":"info"}
{"message":"connected to mongodb://localhost:27017/chillax_tests","level":"info"}
{"message":"listening in port 3000","level":"info"}
{"message":"connected to mongodb://localhost:27017/chillax_tests","level":"info"}
{"message":"listening in port 3000","level":"info"}
{"message":"connected to mongodb://localhost:27017/chillax_tests","level":"info"}
{"message":"listening in port 3000","level":"info"}
{"message":"connected to mongodb://localhost:27017/chillax_tests","level":"info"}
{"message":"listening in port 3000","level":"info"}
{"message":"connected to mongodb://localhost:27017/chillax_tests","level":"info"}
{"message":"listening in port 3000","level":"info"}
{"message":"connected to mongodb://localhost:27017/chillax_tests","level":"info"}
{"message":"listening in port 3000","level":"info"}
{"message":"connected to mongodb://localhost:27017/chillax_tests","level":"info"}
{"message":"listening in port 3000","level":"info"}
{"message":"connected to mongodb://localhost:27017/chillax_tests","level":"info"}
{"message":"listening in port 3000","level":"info"}
{"message":"connected to mongodb://localhost:27017/chillax_tests","level":"info"}
{"message":"listening in port 3000","level":"info"}
{"message":"connected to mongodb://localhost:27017/chillax_tests","level":"info"}
{"message":"listening in port 3000","level":"info"}
{"message":"connected to mongodb://localhost:27017/chillax_tests","level":"info"}
{"message":"listening in port 3000","level":"info"}
{"message":"connected to mongodb://localhost:27017/chillax_tests","level":"info"}
{"message":"listening in port 3000","level":"info"}
{"message":"connected to mongodb://localhost:27017/chillax_tests","level":"info"}
{"message":"listening in port 3000","level":"info"}
{"message":"connected to mongodb://localhost:27017/chillax_tests","level":"info"}
{"message":"listening in port 3000","level":"info"}
{"message":"connected to mongodb://localhost:27017/chillax_tests","level":"info"}
{"message":"listening in port 3000","level":"info"}
{"message":"connected to mongodb://localhost:27017/chillax_tests","level":"info"}
{"message":"listening in port 3000","level":"info"}
{"message":"connected to mongodb://localhost:27017/chillax_tests","level":"info"}
{"message":"listening in port 3000","level":"info"}
{"message":"connected to mongodb://localhost:27017/chillax_tests","level":"info"}
{"message":"listening in port 3000","level":"info"}
{"message":"connected to mongodb://localhost:27017/chillax_tests","level":"info"}
{"message":"listening in port 3000","level":"info"}
{"message":"connected to mongodb://localhost:27017/chillax_tests","level":"info"}
{"message":"listening in port 3000","level":"info"}
{"message":"connected to mongodb://localhost:27017/chillax_tests","level":"info"}
{"message":"listening in port 3000","level":"info"}
{"message":"connected to mongodb://localhost:27017/chillax_tests","level":"info"}
{"message":"listening in port 3000","level":"info"}
{"message":"connected to mongodb://localhost:27017/chillax_tests","level":"info"}
{"message":"listening in port 3000","level":"info"}
{"message":"connected to mongodb://localhost:27017/chillax_tests","level":"info"}
{"message":"listening in port 3000","level":"info"}
{"message":"connected to mongodb://localhost:27017/chillax_tests","level":"info"}
{"message":"listening in port 3000","level":"info"}
{"message":"connected to mongodb://localhost:27017/chillax_tests","level":"info"}
{"message":"listening in port 3000","level":"info"}
{"message":"connected to mongodb://localhost:27017/chillax_tests","level":"info"}
{"message":"listening in port 3000","level":"info"}
{"message":"connected to mongodb://localhost:27017/chillax_tests","level":"info"}
{"message":"listening in port 3000","level":"info"}
{"message":"connected to mongodb://localhost:27017/chillax_tests","level":"info"}
{"message":"listening in port 3000","level":"info"}
{"message":"connected to mongodb://localhost:27017/chillax_tests","level":"info"}
{"message":"listening in port 3000","level":"info"}
{"message":"connected to mongodb://localhost:27017/chillax_tests","level":"info"}
{"message":"listening in port 3000","level":"info"}
{"message":"connected to mongodb://localhost:27017/chillax_tests","level":"info"}
{"message":"listening in port 3000","level":"info"}
{"message":"connected to mongodb://localhost:27017/chillax_tests","level":"info"}
{"message":"listening in port 3000","level":"info"}
{"message":"connected to mongodb://localhost:27017/chillax_tests","level":"info"}
{"message":"listening in port 3000","level":"info"}
{"message":"connected to mongodb://localhost:27017/chillax_tests","level":"info"}
{"message":"listening in port 3000","level":"info"}
{"message":"connected to mongodb://localhost:27017/chillax_tests","level":"info"}
{"message":"listening in port 3000","level":"info"}
{"message":"connected to mongodb://localhost:27017/chillax_tests","level":"info"}
{"message":"listening in port 3000","level":"info"}
{"message":"connected to mongodb://localhost:27017/chillax_tests","level":"info"}
{"message":"listening in port 3000","level":"info"}
{"message":"connected to mongodb://localhost:27017/chillax_tests","level":"info"}
{"message":"listening in port 3000","level":"info"}
{"message":"connected to mongodb://localhost:27017/chillax_tests","level":"info"}
{"message":"listening in port 3000","level":"info"}
{"message":"connected to mongodb://localhost:27017/chillax_tests","level":"info"}
{"message":"listening in port 3000","level":"info"}
{"message":"connected to mongodb://localhost:27017/chillax_tests","level":"info"}
{"message":"listening in port 3000","level":"info"}
{"message":"connected to mongodb://localhost:27017/chillax_tests","level":"info"}
{"message":"listening in port 3000","level":"info"}
{"message":"connected to mongodb://localhost:27017/chillax_tests","level":"info"}
{"message":"listening in port 3000","level":"info"}
{"message":"connected to mongodb://localhost:27017/chillax_tests","level":"info"}
{"message":"listening in port 3000","level":"info"}
{"message":"connected to mongodb://localhost:27017/chillax_tests","level":"info"}
{"message":"listening in port 3000","level":"info"}
{"message":"connected to mongodb://localhost:27017/chillax_tests","level":"info"}
{"message":"listening in port 3000","level":"info"}
{"message":"connected to mongodb://localhost:27017/chillax_tests","level":"info"}
{"message":"listening in port 3000","level":"info"}
{"message":"connected to mongodb://localhost:27017/chillax_tests","level":"info"}
{"message":"listening in port 3000","level":"info"}
{"message":"connected to mongodb://localhost:27017/chillax_tests","level":"info"}
{"message":"listening in port 3000","level":"info"}
{"message":"connected to mongodb://localhost:27017/chillax_tests","level":"info"}
{"message":"listening in port 3000","level":"info"}
{"message":"connected to mongodb://localhost:27017/chillax_tests","level":"info"}
{"message":"listening in port 3000","level":"info"}
{"message":"connected to mongodb://localhost:27017/chillax_tests","level":"info"}
{"message":"listening in port 3000","level":"info"}
{"message":"connected to mongodb://localhost:27017/chillax_tests","level":"info"}
{"message":"listening in port 3000","level":"info"}
{"message":"connected to mongodb://localhost:27017/chillax_tests","level":"info"}
{"message":"listening in port 3000","level":"info"}
{"message":"connected to mongodb://localhost:27017/chillax","level":"info"}
